Connecting to database specified by database.yml
  [1m[36m (8.7ms)[0m  [1mCREATE TABLE "posts" ("id" serial primary key, "slug" character varying(255), "title" character varying(255), "content" text, "is_published" boolean DEFAULT 'f', "created_at" timestamp NOT NULL, "updated_at" timestamp NOT NULL) [0m
  [1m[35m (1.1ms)[0m  CREATE TABLE "schema_migrations" ("version" character varying(255) NOT NULL) 
  [1m[36m (2.4ms)[0m  [1mCREATE UNIQUE INDEX "unique_schema_migrations" ON "schema_migrations" ("version")[0m
  [1m[35m (0.4ms)[0m  SELECT version FROM "schema_migrations"
  [1m[36m (0.7ms)[0m  [1mINSERT INTO "schema_migrations" (version) VALUES ('20130423183943')[0m
  [1m[35m (0.2ms)[0m  SELECT "schema_migrations"."version" FROM "schema_migrations" 
Connecting to database specified by database.yml
  [1m[36m (0.3ms)[0m  [1mSELECT "schema_migrations"."version" FROM "schema_migrations" [0m
  [1m[35m (120.2ms)[0m  DROP DATABASE IF EXISTS "rspec_rais_test"
  [1m[36m (307.3ms)[0m  [1mCREATE DATABASE "rspec_rais_test" ENCODING = 'utf8'[0m
  [1m[35m (9.4ms)[0m  CREATE TABLE "posts" ("id" serial primary key, "slug" character varying(255), "title" character varying(255), "content" text, "is_published" boolean DEFAULT 'f', "created_at" timestamp NOT NULL, "updated_at" timestamp NOT NULL) 
  [1m[36m (1.4ms)[0m  [1mCREATE TABLE "schema_migrations" ("version" character varying(255) NOT NULL) [0m
  [1m[35m (1.6ms)[0m  CREATE UNIQUE INDEX "unique_schema_migrations" ON "schema_migrations" ("version")
  [1m[36m (0.4ms)[0m  [1mSELECT version FROM "schema_migrations"[0m
  [1m[35m (0.7ms)[0m  INSERT INTO "schema_migrations" (version) VALUES ('20130423183943')


Started GET "/" for 127.0.0.1 at 2014-02-19 14:57:02 -0800
Connecting to database specified by database.yml
Processing by HomeController#index as HTML
  [1m[36m (0.7ms)[0m  [1mSELECT COUNT(count_column) FROM (SELECT 1 AS count_column FROM "posts" LIMIT 5) subquery_for_count [0m
  Rendered home/index.html.erb within layouts/application (28.9ms)
Compiled application.css  (0ms)  (pid 25052)
Completed 200 OK in 65ms (Views: 41.5ms | ActiveRecord: 8.2ms)


Started GET "/assets/application.css?body=1" for 127.0.0.1 at 2014-02-19 14:57:02 -0800
Served asset /application.css - 304 Not Modified (2ms)


Started GET "/posts" for 127.0.0.1 at 2014-02-19 14:57:05 -0800
Processing by PostsController#index as HTML
  [1m[35mPost Load (0.4ms)[0m  SELECT "posts".* FROM "posts" 
  Rendered posts/index.html.erb within layouts/application (0.5ms)
Completed 200 OK in 5ms (Views: 3.4ms | ActiveRecord: 0.4ms)


Started GET "/assets/application.css?body=1" for 127.0.0.1 at 2014-02-19 14:57:05 -0800
Served asset /application.css - 304 Not Modified (0ms)
Connecting to database specified by database.yml
Connecting to database specified by database.yml
Connecting to database specified by database.yml
Connecting to database specified by database.yml


Started GET "/" for 127.0.0.1 at 2014-02-19 16:35:37 -0800
Processing by HomeController#index as HTML
  [1m[36m (0.4ms)[0m  [1mSELECT COUNT(count_column) FROM (SELECT 1 AS count_column FROM "posts" LIMIT 5) subquery_for_count [0m
  [1m[35mPost Load (0.7ms)[0m  SELECT "posts".* FROM "posts" ORDER BY created_at DESC LIMIT 5
  Rendered home/index.html.erb within layouts/application (11.9ms)
Completed 200 OK in 18ms (Views: 10.7ms | ActiveRecord: 3.6ms)


Started GET "/assets/application.css?body=1" for 127.0.0.1 at 2014-02-19 16:35:37 -0800
Served asset /application.css - 304 Not Modified (0ms)


Started GET "/posts/2" for 127.0.0.1 at 2014-02-19 16:35:40 -0800
Processing by PostsController#show as HTML
  Parameters: {"id"=>"2"}
  [1m[36mPost Load (1.4ms)[0m  [1mSELECT "posts".* FROM "posts" WHERE "posts"."id" = $1 LIMIT 1[0m  [["id", "2"]]
  Rendered posts/show.html.erb within layouts/application (5.9ms)
Completed 200 OK in 12ms (Views: 9.5ms | ActiveRecord: 1.6ms)


Started GET "/assets/application.css?body=1" for 127.0.0.1 at 2014-02-19 16:35:40 -0800
Served asset /application.css - 304 Not Modified (0ms)


Started GET "/posts/1" for 127.0.0.1 at 2014-02-19 16:35:42 -0800
Processing by PostsController#show as HTML
  Parameters: {"id"=>"1"}
  [1m[35mPost Load (0.6ms)[0m  SELECT "posts".* FROM "posts" WHERE "posts"."id" = $1 LIMIT 1  [["id", "1"]]
  Rendered posts/show.html.erb within layouts/application (0.1ms)
Completed 200 OK in 4ms (Views: 2.0ms | ActiveRecord: 0.6ms)


Started GET "/assets/application.css?body=1" for 127.0.0.1 at 2014-02-19 16:35:42 -0800
Served asset /application.css - 304 Not Modified (0ms)


Started GET "/posts" for 127.0.0.1 at 2014-02-19 16:35:45 -0800
Processing by PostsController#index as HTML
  [1m[36mPost Load (0.5ms)[0m  [1mSELECT "posts".* FROM "posts" [0m
  Rendered posts/index.html.erb within layouts/application (0.1ms)
Completed 200 OK in 4ms (Views: 2.2ms | ActiveRecord: 0.5ms)


Started GET "/assets/application.css?body=1" for 127.0.0.1 at 2014-02-19 16:35:45 -0800
Served asset /application.css - 304 Not Modified (0ms)


Started GET "/posts/2" for 127.0.0.1 at 2014-02-19 16:39:31 -0800
Processing by PostsController#show as HTML
  Parameters: {"id"=>"2"}
  [1m[35mPost Load (0.4ms)[0m  SELECT "posts".* FROM "posts" WHERE "posts"."id" = $1 LIMIT 1  [["id", "2"]]
  Rendered posts/show.html.erb within layouts/application (0.1ms)
Completed 200 OK in 3ms (Views: 1.8ms | ActiveRecord: 0.4ms)


Started GET "/assets/application.css?body=1" for 127.0.0.1 at 2014-02-19 16:39:31 -0800
Served asset /application.css - 304 Not Modified (0ms)


Started GET "/admin" for 127.0.0.1 at 2014-02-19 16:47:02 -0800

ActionController::RoutingError (No route matches [GET] "/admin"):
  actionpack (3.2.12) lib/action_dispatch/middleware/debug_exceptions.rb:21:in `call'
  actionpack (3.2.12) lib/action_dispatch/middleware/show_exceptions.rb:56:in `call'
  railties (3.2.12) lib/rails/rack/logger.rb:32:in `call_app'
  railties (3.2.12) lib/rails/rack/logger.rb:16:in `block in call'
  activesupport (3.2.12) lib/active_support/tagged_logging.rb:22:in `tagged'
  railties (3.2.12) lib/rails/rack/logger.rb:16:in `call'
  actionpack (3.2.12) lib/action_dispatch/middleware/request_id.rb:22:in `call'
  rack (1.4.5) lib/rack/methodoverride.rb:21:in `call'
  rack (1.4.5) lib/rack/runtime.rb:17:in `call'
  activesupport (3.2.12) lib/active_support/cache/strategy/local_cache.rb:72:in `call'
  rack (1.4.5) lib/rack/lock.rb:15:in `call'
  actionpack (3.2.12) lib/action_dispatch/middleware/static.rb:62:in `call'
  railties (3.2.12) lib/rails/engine.rb:479:in `call'
  railties (3.2.12) lib/rails/application.rb:223:in `call'
  rack (1.4.5) lib/rack/content_length.rb:14:in `call'
  railties (3.2.12) lib/rails/rack/log_tailer.rb:17:in `call'
  rack (1.4.5) lib/rack/handler/webrick.rb:59:in `service'
  /Users/apprentice/.rvm/rubies/ruby-1.9.3-p448/lib/ruby/1.9.1/webrick/httpserver.rb:138:in `service'
  /Users/apprentice/.rvm/rubies/ruby-1.9.3-p448/lib/ruby/1.9.1/webrick/httpserver.rb:94:in `run'
  /Users/apprentice/.rvm/rubies/ruby-1.9.3-p448/lib/ruby/1.9.1/webrick/server.rb:191:in `block in start_thread'


  Rendered /Users/apprentice/.rvm/gems/ruby-1.9.3-p448/gems/actionpack-3.2.12/lib/action_dispatch/middleware/templates/rescues/routing_error.erb within rescues/layout (0.6ms)


Started GET "/admin/posts" for 127.0.0.1 at 2014-02-19 16:47:13 -0800
Processing by Admin::PostsController#index as HTML
  [1m[36mPost Load (0.4ms)[0m  [1mSELECT "posts".* FROM "posts" [0m
  Rendered admin/posts/index.html.erb within layouts/application (2.0ms)
Completed 200 OK in 6ms (Views: 4.5ms | ActiveRecord: 0.4ms)


Started GET "/assets/application.css?body=1" for 127.0.0.1 at 2014-02-19 16:47:13 -0800
Served asset /application.css - 304 Not Modified (0ms)


Started GET "/admin/posts/new" for 127.0.0.1 at 2014-02-19 16:47:31 -0800
Processing by Admin::PostsController#new as HTML
  Rendered admin/posts/new.html.erb within layouts/application (6.2ms)
Completed 200 OK in 9ms (Views: 8.2ms | ActiveRecord: 0.0ms)


Started GET "/assets/application.css?body=1" for 127.0.0.1 at 2014-02-19 16:47:31 -0800
Served asset /application.css - 304 Not Modified (0ms)


Started POST "/admin/posts" for 127.0.0.1 at 2014-02-19 16:48:32 -0800
Processing by Admin::PostsController#create as HTML
  Parameters: {"utf8"=>"✓", "authenticity_token"=>"chi8CVnQj2+DYM2FZlr1r0I3PBAdzMZKL19CFrPBM5g=", "post"=>{"title"=>"rethre", "content"=>"thegrwrtejyrthergwe", "is_published"=>"1"}, "commit"=>"Save"}
  [1m[35m (0.2ms)[0m  BEGIN
  [1m[36mSQL (4.3ms)[0m  [1mINSERT INTO "posts" ("content", "created_at", "is_published", "slug", "title", "updated_at") VALUES ($1, $2, $3, $4, $5, $6) RETURNING "id"[0m  [["content", "thegrwrtejyrthergwe"], ["created_at", Thu, 20 Feb 2014 00:48:32 UTC +00:00], ["is_published", true], ["slug", "rethre"], ["title", "Rethre"], ["updated_at", Thu, 20 Feb 2014 00:48:32 UTC +00:00]]
  [1m[35m (0.9ms)[0m  COMMIT
Redirected to http://localhost:3000/admin/posts/3
Completed 302 Found in 9ms (ActiveRecord: 5.4ms)


Started GET "/admin/posts/3" for 127.0.0.1 at 2014-02-19 16:48:32 -0800
Processing by Admin::PostsController#show as HTML
  Parameters: {"id"=>"3"}
  [1m[36mPost Load (0.4ms)[0m  [1mSELECT "posts".* FROM "posts" WHERE "posts"."id" = $1 LIMIT 1[0m  [["id", "3"]]
  Rendered admin/posts/show.html.erb within layouts/application (1.1ms)
Completed 200 OK in 4ms (Views: 3.0ms | ActiveRecord: 0.4ms)


Started GET "/assets/application.css?body=1" for 127.0.0.1 at 2014-02-19 16:48:32 -0800
Served asset /application.css - 304 Not Modified (0ms)


Started GET "/admin/posts" for 127.0.0.1 at 2014-02-19 16:48:35 -0800
Processing by Admin::PostsController#index as HTML
  [1m[35mPost Load (0.5ms)[0m  SELECT "posts".* FROM "posts" 
  Rendered admin/posts/index.html.erb within layouts/application (1.5ms)
Completed 200 OK in 5ms (Views: 3.4ms | ActiveRecord: 0.5ms)


Started GET "/assets/application.css?body=1" for 127.0.0.1 at 2014-02-19 16:48:35 -0800
Served asset /application.css - 304 Not Modified (0ms)


Started GET "/admin/posts/new" for 127.0.0.1 at 2014-02-19 16:48:37 -0800
Processing by Admin::PostsController#new as HTML
  Rendered admin/posts/new.html.erb within layouts/application (1.8ms)
Completed 200 OK in 4ms (Views: 3.5ms | ActiveRecord: 0.0ms)


Started GET "/assets/application.css?body=1" for 127.0.0.1 at 2014-02-19 16:48:37 -0800
Served asset /application.css - 304 Not Modified (0ms)


Started GET "/admin/posts" for 127.0.0.1 at 2014-02-19 17:11:31 -0800
Processing by Admin::PostsController#index as HTML
  [1m[36mPost Load (0.4ms)[0m  [1mSELECT "posts".* FROM "posts" [0m
  Rendered admin/posts/index.html.erb within layouts/application (2.0ms)
Completed 200 OK in 6ms (Views: 4.7ms | ActiveRecord: 0.4ms)


Started GET "/assets/application.css?body=1" for 127.0.0.1 at 2014-02-19 17:11:31 -0800
Served asset /application.css - 304 Not Modified (0ms)


Started GET "/admin/posts/1/edit" for 127.0.0.1 at 2014-02-19 17:12:19 -0800
Processing by Admin::PostsController#edit as HTML
  Parameters: {"id"=>"1"}
  [1m[35mPost Load (0.4ms)[0m  SELECT "posts".* FROM "posts" WHERE "posts"."id" = $1 LIMIT 1  [["id", "1"]]
  Rendered admin/posts/_form.html.erb (5.0ms)
  Rendered admin/posts/edit.html.erb within layouts/application (8.5ms)
Completed 200 OK in 12ms (Views: 10.9ms | ActiveRecord: 0.4ms)


Started GET "/assets/application.css?body=1" for 127.0.0.1 at 2014-02-19 17:12:19 -0800
Served asset /application.css - 304 Not Modified (0ms)


Started GET "/admin/posts" for 127.0.0.1 at 2014-02-19 22:46:26 -0800
Processing by Admin::PostsController#index as HTML
  [1m[36mPost Load (0.4ms)[0m  [1mSELECT "posts".* FROM "posts" [0m
  Rendered admin/posts/index.html.erb within layouts/application (1.5ms)
Completed 200 OK in 5ms (Views: 4.0ms | ActiveRecord: 0.4ms)


Started GET "/assets/application.css?body=1" for 127.0.0.1 at 2014-02-19 22:46:27 -0800
Served asset /application.css - 304 Not Modified (0ms)


Started GET "/admin/posts/1" for 127.0.0.1 at 2014-02-19 23:00:24 -0800
Processing by Admin::PostsController#show as HTML
  Parameters: {"id"=>"1"}
  [1m[35mPost Load (0.5ms)[0m  SELECT "posts".* FROM "posts" WHERE "posts"."id" = $1 LIMIT 1  [["id", "1"]]
  Rendered admin/posts/show.html.erb within layouts/application (0.6ms)
Completed 200 OK in 4ms (Views: 2.4ms | ActiveRecord: 0.5ms)


Started GET "/assets/application.css?body=1" for 127.0.0.1 at 2014-02-19 23:00:24 -0800
Served asset /application.css - 304 Not Modified (0ms)


Started GET "/admin/posts/1" for 127.0.0.1 at 2014-02-19 23:00:54 -0800
Processing by Admin::PostsController#show as HTML
  Parameters: {"id"=>"1"}
  [1m[36mPost Load (0.5ms)[0m  [1mSELECT "posts".* FROM "posts" WHERE "posts"."id" = $1 LIMIT 1[0m  [["id", "1"]]
  Rendered admin/posts/show.html.erb within layouts/application (0.7ms)
Completed 200 OK in 4ms (Views: 2.5ms | ActiveRecord: 0.5ms)


Started GET "/assets/application.css?body=1" for 127.0.0.1 at 2014-02-19 23:00:54 -0800
Served asset /application.css - 304 Not Modified (0ms)


Started GET "/admin/posts/1" for 127.0.0.1 at 2014-02-19 23:01:58 -0800
Processing by Admin::PostsController#show as HTML
  Parameters: {"id"=>"1"}
  [1m[35mPost Load (0.4ms)[0m  SELECT "posts".* FROM "posts" WHERE "posts"."id" = $1 LIMIT 1  [["id", "1"]]
  Rendered admin/posts/show.html.erb within layouts/application (0.6ms)
Completed 200 OK in 4ms (Views: 2.8ms | ActiveRecord: 0.4ms)


Started GET "/assets/application.css?body=1" for 127.0.0.1 at 2014-02-19 23:01:58 -0800
Served asset /application.css - 304 Not Modified (0ms)


Started GET "/admin/posts" for 127.0.0.1 at 2014-02-19 23:02:00 -0800
Processing by Admin::PostsController#index as HTML
  [1m[36mPost Load (0.4ms)[0m  [1mSELECT "posts".* FROM "posts" [0m
  Rendered admin/posts/index.html.erb within layouts/application (1.6ms)
Completed 200 OK in 5ms (Views: 3.9ms | ActiveRecord: 0.4ms)


Started GET "/assets/application.css?body=1" for 127.0.0.1 at 2014-02-19 23:02:00 -0800
Served asset /application.css - 304 Not Modified (0ms)


Started GET "/admin/posts" for 127.0.0.1 at 2014-02-19 23:02:15 -0800
Processing by Admin::PostsController#index as HTML
  [1m[35mPost Load (0.4ms)[0m  SELECT "posts".* FROM "posts" 
  Rendered admin/posts/index.html.erb within layouts/application (1.5ms)
Completed 200 OK in 14ms (Views: 3.7ms | ActiveRecord: 2.5ms)


Started GET "/assets/application.css?body=1" for 127.0.0.1 at 2014-02-19 23:02:15 -0800
Served asset /application.css - 304 Not Modified (0ms)


Started GET "/admin/posts/1" for 127.0.0.1 at 2014-02-19 23:02:16 -0800
Processing by Admin::PostsController#show as HTML
  Parameters: {"id"=>"1"}
  [1m[36mPost Load (0.3ms)[0m  [1mSELECT "posts".* FROM "posts" WHERE "posts"."id" = $1 LIMIT 1[0m  [["id", "1"]]
  Rendered admin/posts/show.html.erb within layouts/application (0.7ms)
Completed 200 OK in 4ms (Views: 2.6ms | ActiveRecord: 0.3ms)


Started GET "/assets/application.css?body=1" for 127.0.0.1 at 2014-02-19 23:02:16 -0800
Served asset /application.css - 304 Not Modified (0ms)


Started GET "/admin/posts" for 127.0.0.1 at 2014-02-19 23:02:21 -0800
Processing by Admin::PostsController#index as HTML
  [1m[35mPost Load (0.3ms)[0m  SELECT "posts".* FROM "posts" 
  Rendered admin/posts/index.html.erb within layouts/application (1.7ms)
Completed 200 OK in 14ms (Views: 4.1ms | ActiveRecord: 2.4ms)


Started GET "/assets/application.css?body=1" for 127.0.0.1 at 2014-02-19 23:02:22 -0800
Served asset /application.css - 304 Not Modified (0ms)


Started GET "/admin/posts" for 127.0.0.1 at 2014-02-19 23:05:45 -0800
Processing by Admin::PostsController#index as HTML
  [1m[36mPost Load (0.4ms)[0m  [1mSELECT "posts".* FROM "posts" [0m
  Rendered admin/posts/index.html.erb within layouts/application (2.2ms)
Completed 200 OK in 9ms (Views: 8.1ms | ActiveRecord: 0.4ms)


Started GET "/assets/application.css?body=1" for 127.0.0.1 at 2014-02-19 23:05:45 -0800
Served asset /application.css - 304 Not Modified (0ms)


Started GET "/assets/all.js" for 127.0.0.1 at 2014-02-19 23:05:45 -0800
Served asset /all.js - 404 Not Found (2ms)

ActionController::RoutingError (No route matches [GET] "/assets/all.js"):
  actionpack (3.2.12) lib/action_dispatch/middleware/debug_exceptions.rb:21:in `call'
  actionpack (3.2.12) lib/action_dispatch/middleware/show_exceptions.rb:56:in `call'
  railties (3.2.12) lib/rails/rack/logger.rb:32:in `call_app'
  railties (3.2.12) lib/rails/rack/logger.rb:16:in `block in call'
  activesupport (3.2.12) lib/active_support/tagged_logging.rb:22:in `tagged'
  railties (3.2.12) lib/rails/rack/logger.rb:16:in `call'
  actionpack (3.2.12) lib/action_dispatch/middleware/request_id.rb:22:in `call'
  rack (1.4.5) lib/rack/methodoverride.rb:21:in `call'
  rack (1.4.5) lib/rack/runtime.rb:17:in `call'
  activesupport (3.2.12) lib/active_support/cache/strategy/local_cache.rb:72:in `call'
  rack (1.4.5) lib/rack/lock.rb:15:in `call'
  actionpack (3.2.12) lib/action_dispatch/middleware/static.rb:62:in `call'
  railties (3.2.12) lib/rails/engine.rb:479:in `call'
  railties (3.2.12) lib/rails/application.rb:223:in `call'
  rack (1.4.5) lib/rack/content_length.rb:14:in `call'
  railties (3.2.12) lib/rails/rack/log_tailer.rb:17:in `call'
  rack (1.4.5) lib/rack/handler/webrick.rb:59:in `service'
  /Users/apprentice/.rvm/rubies/ruby-1.9.3-p448/lib/ruby/1.9.1/webrick/httpserver.rb:138:in `service'
  /Users/apprentice/.rvm/rubies/ruby-1.9.3-p448/lib/ruby/1.9.1/webrick/httpserver.rb:94:in `run'
  /Users/apprentice/.rvm/rubies/ruby-1.9.3-p448/lib/ruby/1.9.1/webrick/server.rb:191:in `block in start_thread'


  Rendered /Users/apprentice/.rvm/gems/ruby-1.9.3-p448/gems/actionpack-3.2.12/lib/action_dispatch/middleware/templates/rescues/routing_error.erb within rescues/layout (0.8ms)


Started GET "/admin/posts/1" for 127.0.0.1 at 2014-02-19 23:05:46 -0800
Processing by Admin::PostsController#show as HTML
  Parameters: {"id"=>"1"}
  [1m[35mPost Load (0.4ms)[0m  SELECT "posts".* FROM "posts" WHERE "posts"."id" = $1 LIMIT 1  [["id", "1"]]
  Rendered admin/posts/show.html.erb within layouts/application (0.8ms)
Completed 200 OK in 6ms (Views: 4.8ms | ActiveRecord: 0.4ms)


Started GET "/assets/application.css?body=1" for 127.0.0.1 at 2014-02-19 23:05:46 -0800
Served asset /application.css - 304 Not Modified (0ms)


Started GET "/assets/all.js" for 127.0.0.1 at 2014-02-19 23:05:46 -0800
Served asset /all.js - 404 Not Found (2ms)

ActionController::RoutingError (No route matches [GET] "/assets/all.js"):
  actionpack (3.2.12) lib/action_dispatch/middleware/debug_exceptions.rb:21:in `call'
  actionpack (3.2.12) lib/action_dispatch/middleware/show_exceptions.rb:56:in `call'
  railties (3.2.12) lib/rails/rack/logger.rb:32:in `call_app'
  railties (3.2.12) lib/rails/rack/logger.rb:16:in `block in call'
  activesupport (3.2.12) lib/active_support/tagged_logging.rb:22:in `tagged'
  railties (3.2.12) lib/rails/rack/logger.rb:16:in `call'
  actionpack (3.2.12) lib/action_dispatch/middleware/request_id.rb:22:in `call'
  rack (1.4.5) lib/rack/methodoverride.rb:21:in `call'
  rack (1.4.5) lib/rack/runtime.rb:17:in `call'
  activesupport (3.2.12) lib/active_support/cache/strategy/local_cache.rb:72:in `call'
  rack (1.4.5) lib/rack/lock.rb:15:in `call'
  actionpack (3.2.12) lib/action_dispatch/middleware/static.rb:62:in `call'
  railties (3.2.12) lib/rails/engine.rb:479:in `call'
  railties (3.2.12) lib/rails/application.rb:223:in `call'
  rack (1.4.5) lib/rack/content_length.rb:14:in `call'
  railties (3.2.12) lib/rails/rack/log_tailer.rb:17:in `call'
  rack (1.4.5) lib/rack/handler/webrick.rb:59:in `service'
  /Users/apprentice/.rvm/rubies/ruby-1.9.3-p448/lib/ruby/1.9.1/webrick/httpserver.rb:138:in `service'
  /Users/apprentice/.rvm/rubies/ruby-1.9.3-p448/lib/ruby/1.9.1/webrick/httpserver.rb:94:in `run'
  /Users/apprentice/.rvm/rubies/ruby-1.9.3-p448/lib/ruby/1.9.1/webrick/server.rb:191:in `block in start_thread'


  Rendered /Users/apprentice/.rvm/gems/ruby-1.9.3-p448/gems/actionpack-3.2.12/lib/action_dispatch/middleware/templates/rescues/routing_error.erb within rescues/layout (0.8ms)


Started GET "/admin/posts/1" for 127.0.0.1 at 2014-02-19 23:05:49 -0800
Processing by Admin::PostsController#show as HTML
  Parameters: {"id"=>"1"}
  [1m[36mPost Load (0.3ms)[0m  [1mSELECT "posts".* FROM "posts" WHERE "posts"."id" = $1 LIMIT 1[0m  [["id", "1"]]
  Rendered admin/posts/show.html.erb within layouts/application (0.7ms)
Completed 200 OK in 7ms (Views: 5.0ms | ActiveRecord: 0.3ms)


Started GET "/assets/application.css?body=1" for 127.0.0.1 at 2014-02-19 23:05:49 -0800
Served asset /application.css - 304 Not Modified (0ms)


Started GET "/assets/all.js" for 127.0.0.1 at 2014-02-19 23:05:49 -0800
Served asset /all.js - 404 Not Found (2ms)

ActionController::RoutingError (No route matches [GET] "/assets/all.js"):
  actionpack (3.2.12) lib/action_dispatch/middleware/debug_exceptions.rb:21:in `call'
  actionpack (3.2.12) lib/action_dispatch/middleware/show_exceptions.rb:56:in `call'
  railties (3.2.12) lib/rails/rack/logger.rb:32:in `call_app'
  railties (3.2.12) lib/rails/rack/logger.rb:16:in `block in call'
  activesupport (3.2.12) lib/active_support/tagged_logging.rb:22:in `tagged'
  railties (3.2.12) lib/rails/rack/logger.rb:16:in `call'
  actionpack (3.2.12) lib/action_dispatch/middleware/request_id.rb:22:in `call'
  rack (1.4.5) lib/rack/methodoverride.rb:21:in `call'
  rack (1.4.5) lib/rack/runtime.rb:17:in `call'
  activesupport (3.2.12) lib/active_support/cache/strategy/local_cache.rb:72:in `call'
  rack (1.4.5) lib/rack/lock.rb:15:in `call'
  actionpack (3.2.12) lib/action_dispatch/middleware/static.rb:62:in `call'
  railties (3.2.12) lib/rails/engine.rb:479:in `call'
  railties (3.2.12) lib/rails/application.rb:223:in `call'
  rack (1.4.5) lib/rack/content_length.rb:14:in `call'
  railties (3.2.12) lib/rails/rack/log_tailer.rb:17:in `call'
  rack (1.4.5) lib/rack/handler/webrick.rb:59:in `service'
  /Users/apprentice/.rvm/rubies/ruby-1.9.3-p448/lib/ruby/1.9.1/webrick/httpserver.rb:138:in `service'
  /Users/apprentice/.rvm/rubies/ruby-1.9.3-p448/lib/ruby/1.9.1/webrick/httpserver.rb:94:in `run'
  /Users/apprentice/.rvm/rubies/ruby-1.9.3-p448/lib/ruby/1.9.1/webrick/server.rb:191:in `block in start_thread'


  Rendered /Users/apprentice/.rvm/gems/ruby-1.9.3-p448/gems/actionpack-3.2.12/lib/action_dispatch/middleware/templates/rescues/routing_error.erb within rescues/layout (0.5ms)


Started GET "/admin/posts/1" for 127.0.0.1 at 2014-02-19 23:06:00 -0800
Connecting to database specified by database.yml
Processing by Admin::PostsController#show as HTML
  Parameters: {"id"=>"1"}
  [1m[36mPost Load (1.1ms)[0m  [1mSELECT "posts".* FROM "posts" WHERE "posts"."id" = $1 LIMIT 1[0m  [["id", "1"]]
  Rendered admin/posts/show.html.erb within layouts/application (7.5ms)
Compiled application.css  (0ms)  (pid 34394)
Completed 200 OK in 75ms (Views: 43.2ms | ActiveRecord: 9.7ms)


Started GET "/assets/application.css?body=1" for 127.0.0.1 at 2014-02-19 23:06:01 -0800
Served asset /application.css - 304 Not Modified (3ms)


Started GET "/assets/all.js" for 127.0.0.1 at 2014-02-19 23:06:01 -0800
Served asset /all.js - 404 Not Found (2ms)

ActionController::RoutingError (No route matches [GET] "/assets/all.js"):
  actionpack (3.2.12) lib/action_dispatch/middleware/debug_exceptions.rb:21:in `call'
  actionpack (3.2.12) lib/action_dispatch/middleware/show_exceptions.rb:56:in `call'
  railties (3.2.12) lib/rails/rack/logger.rb:32:in `call_app'
  railties (3.2.12) lib/rails/rack/logger.rb:16:in `block in call'
  activesupport (3.2.12) lib/active_support/tagged_logging.rb:22:in `tagged'
  railties (3.2.12) lib/rails/rack/logger.rb:16:in `call'
  actionpack (3.2.12) lib/action_dispatch/middleware/request_id.rb:22:in `call'
  rack (1.4.5) lib/rack/methodoverride.rb:21:in `call'
  rack (1.4.5) lib/rack/runtime.rb:17:in `call'
  activesupport (3.2.12) lib/active_support/cache/strategy/local_cache.rb:72:in `call'
  rack (1.4.5) lib/rack/lock.rb:15:in `call'
  actionpack (3.2.12) lib/action_dispatch/middleware/static.rb:62:in `call'
  railties (3.2.12) lib/rails/engine.rb:479:in `call'
  railties (3.2.12) lib/rails/application.rb:223:in `call'
  rack (1.4.5) lib/rack/content_length.rb:14:in `call'
  railties (3.2.12) lib/rails/rack/log_tailer.rb:17:in `call'
  rack (1.4.5) lib/rack/handler/webrick.rb:59:in `service'
  /Users/apprentice/.rvm/rubies/ruby-1.9.3-p448/lib/ruby/1.9.1/webrick/httpserver.rb:138:in `service'
  /Users/apprentice/.rvm/rubies/ruby-1.9.3-p448/lib/ruby/1.9.1/webrick/httpserver.rb:94:in `run'
  /Users/apprentice/.rvm/rubies/ruby-1.9.3-p448/lib/ruby/1.9.1/webrick/server.rb:191:in `block in start_thread'


  Rendered /Users/apprentice/.rvm/gems/ruby-1.9.3-p448/gems/actionpack-3.2.12/lib/action_dispatch/middleware/templates/rescues/routing_error.erb within rescues/layout (1.0ms)


Started GET "/admin/posts" for 127.0.0.1 at 2014-02-19 23:06:02 -0800
Processing by Admin::PostsController#index as HTML
  [1m[35mPost Load (0.4ms)[0m  SELECT "posts".* FROM "posts" 
  Rendered admin/posts/index.html.erb within layouts/application (2.2ms)
Completed 200 OK in 7ms (Views: 6.0ms | ActiveRecord: 0.4ms)


Started GET "/assets/application.css?body=1" for 127.0.0.1 at 2014-02-19 23:06:02 -0800
Served asset /application.css - 304 Not Modified (0ms)


Started GET "/assets/all.js" for 127.0.0.1 at 2014-02-19 23:06:02 -0800
Served asset /all.js - 404 Not Found (2ms)

ActionController::RoutingError (No route matches [GET] "/assets/all.js"):
  actionpack (3.2.12) lib/action_dispatch/middleware/debug_exceptions.rb:21:in `call'
  actionpack (3.2.12) lib/action_dispatch/middleware/show_exceptions.rb:56:in `call'
  railties (3.2.12) lib/rails/rack/logger.rb:32:in `call_app'
  railties (3.2.12) lib/rails/rack/logger.rb:16:in `block in call'
  activesupport (3.2.12) lib/active_support/tagged_logging.rb:22:in `tagged'
  railties (3.2.12) lib/rails/rack/logger.rb:16:in `call'
  actionpack (3.2.12) lib/action_dispatch/middleware/request_id.rb:22:in `call'
  rack (1.4.5) lib/rack/methodoverride.rb:21:in `call'
  rack (1.4.5) lib/rack/runtime.rb:17:in `call'
  activesupport (3.2.12) lib/active_support/cache/strategy/local_cache.rb:72:in `call'
  rack (1.4.5) lib/rack/lock.rb:15:in `call'
  actionpack (3.2.12) lib/action_dispatch/middleware/static.rb:62:in `call'
  railties (3.2.12) lib/rails/engine.rb:479:in `call'
  railties (3.2.12) lib/rails/application.rb:223:in `call'
  rack (1.4.5) lib/rack/content_length.rb:14:in `call'
  railties (3.2.12) lib/rails/rack/log_tailer.rb:17:in `call'
  rack (1.4.5) lib/rack/handler/webrick.rb:59:in `service'
  /Users/apprentice/.rvm/rubies/ruby-1.9.3-p448/lib/ruby/1.9.1/webrick/httpserver.rb:138:in `service'
  /Users/apprentice/.rvm/rubies/ruby-1.9.3-p448/lib/ruby/1.9.1/webrick/httpserver.rb:94:in `run'
  /Users/apprentice/.rvm/rubies/ruby-1.9.3-p448/lib/ruby/1.9.1/webrick/server.rb:191:in `block in start_thread'


  Rendered /Users/apprentice/.rvm/gems/ruby-1.9.3-p448/gems/actionpack-3.2.12/lib/action_dispatch/middleware/templates/rescues/routing_error.erb within rescues/layout (0.8ms)


Started GET "/admin/posts/1" for 127.0.0.1 at 2014-02-19 23:06:04 -0800
Processing by Admin::PostsController#show as HTML
  Parameters: {"id"=>"1"}
  [1m[36mPost Load (0.5ms)[0m  [1mSELECT "posts".* FROM "posts" WHERE "posts"."id" = $1 LIMIT 1[0m  [["id", "1"]]
  Rendered admin/posts/show.html.erb within layouts/application (0.7ms)
Completed 200 OK in 6ms (Views: 4.4ms | ActiveRecord: 0.5ms)


Started GET "/assets/application.css?body=1" for 127.0.0.1 at 2014-02-19 23:06:04 -0800
Served asset /application.css - 304 Not Modified (0ms)


Started GET "/assets/all.js" for 127.0.0.1 at 2014-02-19 23:06:04 -0800
Served asset /all.js - 404 Not Found (1ms)

ActionController::RoutingError (No route matches [GET] "/assets/all.js"):
  actionpack (3.2.12) lib/action_dispatch/middleware/debug_exceptions.rb:21:in `call'
  actionpack (3.2.12) lib/action_dispatch/middleware/show_exceptions.rb:56:in `call'
  railties (3.2.12) lib/rails/rack/logger.rb:32:in `call_app'
  railties (3.2.12) lib/rails/rack/logger.rb:16:in `block in call'
  activesupport (3.2.12) lib/active_support/tagged_logging.rb:22:in `tagged'
  railties (3.2.12) lib/rails/rack/logger.rb:16:in `call'
  actionpack (3.2.12) lib/action_dispatch/middleware/request_id.rb:22:in `call'
  rack (1.4.5) lib/rack/methodoverride.rb:21:in `call'
  rack (1.4.5) lib/rack/runtime.rb:17:in `call'
  activesupport (3.2.12) lib/active_support/cache/strategy/local_cache.rb:72:in `call'
  rack (1.4.5) lib/rack/lock.rb:15:in `call'
  actionpack (3.2.12) lib/action_dispatch/middleware/static.rb:62:in `call'
  railties (3.2.12) lib/rails/engine.rb:479:in `call'
  railties (3.2.12) lib/rails/application.rb:223:in `call'
  rack (1.4.5) lib/rack/content_length.rb:14:in `call'
  railties (3.2.12) lib/rails/rack/log_tailer.rb:17:in `call'
  rack (1.4.5) lib/rack/handler/webrick.rb:59:in `service'
  /Users/apprentice/.rvm/rubies/ruby-1.9.3-p448/lib/ruby/1.9.1/webrick/httpserver.rb:138:in `service'
  /Users/apprentice/.rvm/rubies/ruby-1.9.3-p448/lib/ruby/1.9.1/webrick/httpserver.rb:94:in `run'
  /Users/apprentice/.rvm/rubies/ruby-1.9.3-p448/lib/ruby/1.9.1/webrick/server.rb:191:in `block in start_thread'


  Rendered /Users/apprentice/.rvm/gems/ruby-1.9.3-p448/gems/actionpack-3.2.12/lib/action_dispatch/middleware/templates/rescues/routing_error.erb within rescues/layout (0.6ms)


Started GET "/admin/posts" for 127.0.0.1 at 2014-02-19 23:06:06 -0800
Processing by Admin::PostsController#index as HTML
  [1m[35mPost Load (0.5ms)[0m  SELECT "posts".* FROM "posts" 
  Rendered admin/posts/index.html.erb within layouts/application (1.8ms)
Completed 200 OK in 8ms (Views: 6.2ms | ActiveRecord: 0.5ms)


Started GET "/assets/application.css?body=1" for 127.0.0.1 at 2014-02-19 23:06:06 -0800
Served asset /application.css - 304 Not Modified (0ms)


Started GET "/assets/all.js" for 127.0.0.1 at 2014-02-19 23:06:06 -0800
Served asset /all.js - 404 Not Found (1ms)

ActionController::RoutingError (No route matches [GET] "/assets/all.js"):
  actionpack (3.2.12) lib/action_dispatch/middleware/debug_exceptions.rb:21:in `call'
  actionpack (3.2.12) lib/action_dispatch/middleware/show_exceptions.rb:56:in `call'
  railties (3.2.12) lib/rails/rack/logger.rb:32:in `call_app'
  railties (3.2.12) lib/rails/rack/logger.rb:16:in `block in call'
  activesupport (3.2.12) lib/active_support/tagged_logging.rb:22:in `tagged'
  railties (3.2.12) lib/rails/rack/logger.rb:16:in `call'
  actionpack (3.2.12) lib/action_dispatch/middleware/request_id.rb:22:in `call'
  rack (1.4.5) lib/rack/methodoverride.rb:21:in `call'
  rack (1.4.5) lib/rack/runtime.rb:17:in `call'
  activesupport (3.2.12) lib/active_support/cache/strategy/local_cache.rb:72:in `call'
  rack (1.4.5) lib/rack/lock.rb:15:in `call'
  actionpack (3.2.12) lib/action_dispatch/middleware/static.rb:62:in `call'
  railties (3.2.12) lib/rails/engine.rb:479:in `call'
  railties (3.2.12) lib/rails/application.rb:223:in `call'
  rack (1.4.5) lib/rack/content_length.rb:14:in `call'
  railties (3.2.12) lib/rails/rack/log_tailer.rb:17:in `call'
  rack (1.4.5) lib/rack/handler/webrick.rb:59:in `service'
  /Users/apprentice/.rvm/rubies/ruby-1.9.3-p448/lib/ruby/1.9.1/webrick/httpserver.rb:138:in `service'
  /Users/apprentice/.rvm/rubies/ruby-1.9.3-p448/lib/ruby/1.9.1/webrick/httpserver.rb:94:in `run'
  /Users/apprentice/.rvm/rubies/ruby-1.9.3-p448/lib/ruby/1.9.1/webrick/server.rb:191:in `block in start_thread'


  Rendered /Users/apprentice/.rvm/gems/ruby-1.9.3-p448/gems/actionpack-3.2.12/lib/action_dispatch/middleware/templates/rescues/routing_error.erb within rescues/layout (0.7ms)


Started GET "/admin/posts" for 127.0.0.1 at 2014-02-19 23:06:08 -0800
Processing by Admin::PostsController#index as HTML
  [1m[36mPost Load (0.4ms)[0m  [1mSELECT "posts".* FROM "posts" [0m
  Rendered admin/posts/index.html.erb within layouts/application (1.8ms)
Completed 200 OK in 7ms (Views: 5.6ms | ActiveRecord: 0.4ms)


Started GET "/assets/application.css?body=1" for 127.0.0.1 at 2014-02-19 23:06:08 -0800
Served asset /application.css - 304 Not Modified (0ms)


Started GET "/assets/all.js" for 127.0.0.1 at 2014-02-19 23:06:08 -0800
Served asset /all.js - 404 Not Found (1ms)

ActionController::RoutingError (No route matches [GET] "/assets/all.js"):
  actionpack (3.2.12) lib/action_dispatch/middleware/debug_exceptions.rb:21:in `call'
  actionpack (3.2.12) lib/action_dispatch/middleware/show_exceptions.rb:56:in `call'
  railties (3.2.12) lib/rails/rack/logger.rb:32:in `call_app'
  railties (3.2.12) lib/rails/rack/logger.rb:16:in `block in call'
  activesupport (3.2.12) lib/active_support/tagged_logging.rb:22:in `tagged'
  railties (3.2.12) lib/rails/rack/logger.rb:16:in `call'
  actionpack (3.2.12) lib/action_dispatch/middleware/request_id.rb:22:in `call'
  rack (1.4.5) lib/rack/methodoverride.rb:21:in `call'
  rack (1.4.5) lib/rack/runtime.rb:17:in `call'
  activesupport (3.2.12) lib/active_support/cache/strategy/local_cache.rb:72:in `call'
  rack (1.4.5) lib/rack/lock.rb:15:in `call'
  actionpack (3.2.12) lib/action_dispatch/middleware/static.rb:62:in `call'
  railties (3.2.12) lib/rails/engine.rb:479:in `call'
  railties (3.2.12) lib/rails/application.rb:223:in `call'
  rack (1.4.5) lib/rack/content_length.rb:14:in `call'
  railties (3.2.12) lib/rails/rack/log_tailer.rb:17:in `call'
  rack (1.4.5) lib/rack/handler/webrick.rb:59:in `service'
  /Users/apprentice/.rvm/rubies/ruby-1.9.3-p448/lib/ruby/1.9.1/webrick/httpserver.rb:138:in `service'
  /Users/apprentice/.rvm/rubies/ruby-1.9.3-p448/lib/ruby/1.9.1/webrick/httpserver.rb:94:in `run'
  /Users/apprentice/.rvm/rubies/ruby-1.9.3-p448/lib/ruby/1.9.1/webrick/server.rb:191:in `block in start_thread'


  Rendered /Users/apprentice/.rvm/gems/ruby-1.9.3-p448/gems/actionpack-3.2.12/lib/action_dispatch/middleware/templates/rescues/routing_error.erb within rescues/layout (0.6ms)


Started GET "/admin/posts" for 127.0.0.1 at 2014-02-19 23:07:06 -0800
Processing by Admin::PostsController#index as HTML
  [1m[35mPost Load (0.5ms)[0m  SELECT "posts".* FROM "posts" 
  Rendered admin/posts/index.html.erb within layouts/application (2.2ms)
Completed 200 OK in 9ms (Views: 7.2ms | ActiveRecord: 0.5ms)


Started GET "/assets/application.css?body=1" for 127.0.0.1 at 2014-02-19 23:07:06 -0800
Served asset /application.css - 304 Not Modified (0ms)


Started GET "/assets/all.js" for 127.0.0.1 at 2014-02-19 23:07:06 -0800
Served asset /all.js - 404 Not Found (2ms)

ActionController::RoutingError (No route matches [GET] "/assets/all.js"):
  actionpack (3.2.12) lib/action_dispatch/middleware/debug_exceptions.rb:21:in `call'
  actionpack (3.2.12) lib/action_dispatch/middleware/show_exceptions.rb:56:in `call'
  railties (3.2.12) lib/rails/rack/logger.rb:32:in `call_app'
  railties (3.2.12) lib/rails/rack/logger.rb:16:in `block in call'
  activesupport (3.2.12) lib/active_support/tagged_logging.rb:22:in `tagged'
  railties (3.2.12) lib/rails/rack/logger.rb:16:in `call'
  actionpack (3.2.12) lib/action_dispatch/middleware/request_id.rb:22:in `call'
  rack (1.4.5) lib/rack/methodoverride.rb:21:in `call'
  rack (1.4.5) lib/rack/runtime.rb:17:in `call'
  activesupport (3.2.12) lib/active_support/cache/strategy/local_cache.rb:72:in `call'
  rack (1.4.5) lib/rack/lock.rb:15:in `call'
  actionpack (3.2.12) lib/action_dispatch/middleware/static.rb:62:in `call'
  railties (3.2.12) lib/rails/engine.rb:479:in `call'
  railties (3.2.12) lib/rails/application.rb:223:in `call'
  rack (1.4.5) lib/rack/content_length.rb:14:in `call'
  railties (3.2.12) lib/rails/rack/log_tailer.rb:17:in `call'
  rack (1.4.5) lib/rack/handler/webrick.rb:59:in `service'
  /Users/apprentice/.rvm/rubies/ruby-1.9.3-p448/lib/ruby/1.9.1/webrick/httpserver.rb:138:in `service'
  /Users/apprentice/.rvm/rubies/ruby-1.9.3-p448/lib/ruby/1.9.1/webrick/httpserver.rb:94:in `run'
  /Users/apprentice/.rvm/rubies/ruby-1.9.3-p448/lib/ruby/1.9.1/webrick/server.rb:191:in `block in start_thread'


  Rendered /Users/apprentice/.rvm/gems/ruby-1.9.3-p448/gems/actionpack-3.2.12/lib/action_dispatch/middleware/templates/rescues/routing_error.erb within rescues/layout (2.5ms)


Started GET "/admin/posts/1/edit" for 127.0.0.1 at 2014-02-19 23:15:10 -0800
Processing by Admin::PostsController#edit as HTML
  Parameters: {"id"=>"1"}
  [1m[36mPost Load (0.3ms)[0m  [1mSELECT "posts".* FROM "posts" WHERE "posts"."id" = $1 LIMIT 1[0m  [["id", "1"]]
  Rendered admin/posts/_form.html.erb (16.3ms)
  Rendered admin/posts/edit.html.erb within layouts/application (19.2ms)
Completed 200 OK in 31ms (Views: 21.8ms | ActiveRecord: 2.4ms)


Started GET "/assets/application.css?body=1" for 127.0.0.1 at 2014-02-19 23:15:10 -0800
Served asset /application.css - 304 Not Modified (0ms)


Started GET "/admin/posts" for 127.0.0.1 at 2014-02-19 23:16:09 -0800
Processing by Admin::PostsController#index as HTML
  [1m[35mPost Load (0.4ms)[0m  SELECT "posts".* FROM "posts" 
  Rendered admin/posts/index.html.erb within layouts/application (2.6ms)
Completed 200 OK in 7ms (Views: 5.4ms | ActiveRecord: 0.4ms)


Started GET "/assets/application.css?body=1" for 127.0.0.1 at 2014-02-19 23:16:09 -0800
Served asset /application.css - 304 Not Modified (0ms)


Started GET "/admin/posts/1/edit" for 127.0.0.1 at 2014-02-19 23:16:10 -0800
Processing by Admin::PostsController#edit as HTML
  Parameters: {"id"=>"1"}
  [1m[36mPost Load (0.4ms)[0m  [1mSELECT "posts".* FROM "posts" WHERE "posts"."id" = $1 LIMIT 1[0m  [["id", "1"]]
  Rendered admin/posts/_form.html.erb (22.8ms)
  Rendered admin/posts/edit.html.erb within layouts/application (23.5ms)
Completed 200 OK in 27ms (Views: 25.4ms | ActiveRecord: 0.4ms)


Started GET "/assets/application.css?body=1" for 127.0.0.1 at 2014-02-19 23:16:10 -0800
Served asset /application.css - 304 Not Modified (0ms)


Started PUT "/admin/posts/1" for 127.0.0.1 at 2014-02-19 23:16:12 -0800
Processing by Admin::PostsController#update as HTML
  Parameters: {"utf8"=>"✓", "authenticity_token"=>"chi8CVnQj2+DYM2FZlr1r0I3PBAdzMZKL19CFrPBM5g=", "post"=>{"title"=>"Mew", "content"=>"fasdf", "is_published"=>"1"}, "commit"=>"Save", "id"=>"1"}
  [1m[35mPost Load (0.6ms)[0m  SELECT "posts".* FROM "posts" WHERE "posts"."id" = $1 LIMIT 1  [["id", "1"]]
  [1m[36m (0.2ms)[0m  [1mBEGIN[0m
  [1m[35m (0.5ms)[0m  UPDATE "posts" SET "is_published" = 't', "slug" = 'mew', "updated_at" = '2014-02-20 07:16:12.378490' WHERE "posts"."id" = 1
  [1m[36m (15.5ms)[0m  [1mCOMMIT[0m
Redirected to http://localhost:3000/admin/posts/1
Completed 302 Found in 26ms (ActiveRecord: 16.8ms)


Started GET "/admin/posts/1" for 127.0.0.1 at 2014-02-19 23:16:12 -0800
Processing by Admin::PostsController#show as HTML
  Parameters: {"id"=>"1"}
  [1m[35mPost Load (0.4ms)[0m  SELECT "posts".* FROM "posts" WHERE "posts"."id" = $1 LIMIT 1  [["id", "1"]]
  Rendered admin/posts/show.html.erb within layouts/application (0.7ms)
Completed 200 OK in 4ms (Views: 2.6ms | ActiveRecord: 0.4ms)


Started GET "/assets/application.css?body=1" for 127.0.0.1 at 2014-02-19 23:16:12 -0800
Served asset /application.css - 304 Not Modified (0ms)


Started GET "/admin/posts" for 127.0.0.1 at 2014-02-19 23:16:18 -0800
Processing by Admin::PostsController#index as HTML
  [1m[36mPost Load (0.3ms)[0m  [1mSELECT "posts".* FROM "posts" [0m
  Rendered admin/posts/index.html.erb within layouts/application (1.5ms)
Completed 200 OK in 4ms (Views: 3.2ms | ActiveRecord: 0.3ms)


Started GET "/assets/application.css?body=1" for 127.0.0.1 at 2014-02-19 23:16:18 -0800
Served asset /application.css - 304 Not Modified (0ms)


Started GET "/admin/posts/2/edit" for 127.0.0.1 at 2014-02-19 23:16:22 -0800
Processing by Admin::PostsController#edit as HTML
  Parameters: {"id"=>"2"}
  [1m[35mPost Load (0.4ms)[0m  SELECT "posts".* FROM "posts" WHERE "posts"."id" = $1 LIMIT 1  [["id", "2"]]
  Rendered admin/posts/_form.html.erb (1.2ms)
  Rendered admin/posts/edit.html.erb within layouts/application (1.8ms)
Completed 200 OK in 5ms (Views: 3.5ms | ActiveRecord: 0.4ms)


Started GET "/assets/application.css?body=1" for 127.0.0.1 at 2014-02-19 23:16:22 -0800
Served asset /application.css - 304 Not Modified (0ms)


Started GET "/admin/posts/2" for 127.0.0.1 at 2014-02-19 23:16:25 -0800
Processing by Admin::PostsController#show as HTML
  Parameters: {"id"=>"2"}
  [1m[36mPost Load (0.5ms)[0m  [1mSELECT "posts".* FROM "posts" WHERE "posts"."id" = $1 LIMIT 1[0m  [["id", "2"]]
  Rendered admin/posts/show.html.erb within layouts/application (0.6ms)
Completed 200 OK in 4ms (Views: 2.3ms | ActiveRecord: 0.5ms)


Started GET "/assets/application.css?body=1" for 127.0.0.1 at 2014-02-19 23:16:25 -0800
Served asset /application.css - 304 Not Modified (0ms)


Started GET "/admin/posts/2/edit" for 127.0.0.1 at 2014-02-19 23:16:28 -0800
Processing by Admin::PostsController#edit as HTML
  Parameters: {"id"=>"2"}
  [1m[35mPost Load (0.5ms)[0m  SELECT "posts".* FROM "posts" WHERE "posts"."id" = $1 LIMIT 1  [["id", "2"]]
  Rendered admin/posts/_form.html.erb (1.1ms)
  Rendered admin/posts/edit.html.erb within layouts/application (1.7ms)
Completed 200 OK in 5ms (Views: 3.7ms | ActiveRecord: 0.5ms)


Started GET "/assets/application.css?body=1" for 127.0.0.1 at 2014-02-19 23:16:28 -0800
Served asset /application.css - 304 Not Modified (0ms)


Started GET "/admin/posts/1/edit" for 127.0.0.1 at 2014-02-19 23:16:31 -0800
Processing by Admin::PostsController#edit as HTML
  Parameters: {"id"=>"1"}
  [1m[36mPost Load (0.4ms)[0m  [1mSELECT "posts".* FROM "posts" WHERE "posts"."id" = $1 LIMIT 1[0m  [["id", "1"]]
  Rendered admin/posts/_form.html.erb (1.2ms)
  Rendered admin/posts/edit.html.erb within layouts/application (1.8ms)
Completed 200 OK in 5ms (Views: 3.6ms | ActiveRecord: 0.4ms)


Started GET "/assets/application.css?body=1" for 127.0.0.1 at 2014-02-19 23:16:31 -0800
Served asset /application.css - 304 Not Modified (0ms)


Started PUT "/admin/posts/1" for 127.0.0.1 at 2014-02-19 23:18:28 -0800
Processing by Admin::PostsController#update as HTML
  Parameters: {"utf8"=>"✓", "authenticity_token"=>"chi8CVnQj2+DYM2FZlr1r0I3PBAdzMZKL19CFrPBM5g=", "post"=>{"title"=>"Mew", "content"=>"fasdf", "is_published"=>"1"}, "commit"=>"Save", "id"=>"1"}
  [1m[35mPost Load (0.4ms)[0m  SELECT "posts".* FROM "posts" WHERE "posts"."id" = $1 LIMIT 1  [["id", "1"]]
  [1m[36m (0.2ms)[0m  [1mBEGIN[0m
  [1m[35m (0.1ms)[0m  COMMIT
Redirected to http://localhost:3000/admin/posts/1
Completed 302 Found in 3ms (ActiveRecord: 0.7ms)


Started GET "/admin/posts/1" for 127.0.0.1 at 2014-02-19 23:18:28 -0800
Processing by Admin::PostsController#show as HTML
  Parameters: {"id"=>"1"}
  [1m[36mPost Load (0.3ms)[0m  [1mSELECT "posts".* FROM "posts" WHERE "posts"."id" = $1 LIMIT 1[0m  [["id", "1"]]
  Rendered admin/posts/show.html.erb within layouts/application (0.6ms)
Completed 200 OK in 16ms (Views: 15.5ms | ActiveRecord: 0.3ms)


Started GET "/assets/application.css?body=1" for 127.0.0.1 at 2014-02-19 23:18:29 -0800
Served asset /application.css - 304 Not Modified (0ms)


Started GET "/admin/posts/3/edit" for 127.0.0.1 at 2014-02-19 23:22:49 -0800
Processing by Admin::PostsController#edit as HTML
  Parameters: {"id"=>"3"}
  [1m[35mPost Load (0.4ms)[0m  SELECT "posts".* FROM "posts" WHERE "posts"."id" = $1 LIMIT 1  [["id", "3"]]
  Rendered admin/posts/_form.html.erb (1.1ms)
  Rendered admin/posts/edit.html.erb within layouts/application (1.7ms)
Completed 200 OK in 5ms (Views: 3.4ms | ActiveRecord: 0.4ms)


Started GET "/assets/application.css?body=1" for 127.0.0.1 at 2014-02-19 23:22:49 -0800
Served asset /application.css - 304 Not Modified (0ms)


Started GET "/admin/posts/2/edit" for 127.0.0.1 at 2014-02-19 23:22:51 -0800
Processing by Admin::PostsController#edit as HTML
  Parameters: {"id"=>"2"}
  [1m[36mPost Load (0.4ms)[0m  [1mSELECT "posts".* FROM "posts" WHERE "posts"."id" = $1 LIMIT 1[0m  [["id", "2"]]
  Rendered admin/posts/_form.html.erb (1.4ms)
  Rendered admin/posts/edit.html.erb within layouts/application (2.0ms)
Completed 200 OK in 5ms (Views: 4.2ms | ActiveRecord: 0.4ms)


Started GET "/assets/application.css?body=1" for 127.0.0.1 at 2014-02-19 23:22:51 -0800
Served asset /application.css - 304 Not Modified (0ms)


Started GET "/posts" for 127.0.0.1 at 2014-02-19 23:25:48 -0800
Processing by PostsController#index as HTML
  [1m[35mPost Load (0.5ms)[0m  SELECT "posts".* FROM "posts" 
  Rendered posts/index.html.erb within layouts/application (0.6ms)
Completed 200 OK in 5ms (Views: 2.9ms | ActiveRecord: 0.5ms)


Started GET "/assets/application.css?body=1" for 127.0.0.1 at 2014-02-19 23:25:48 -0800
Served asset /application.css - 304 Not Modified (0ms)


Started GET "/admin/" for 127.0.0.1 at 2014-02-19 23:26:06 -0800

ActionController::RoutingError (No route matches [GET] "/admin"):
  actionpack (3.2.12) lib/action_dispatch/middleware/debug_exceptions.rb:21:in `call'
  actionpack (3.2.12) lib/action_dispatch/middleware/show_exceptions.rb:56:in `call'
  railties (3.2.12) lib/rails/rack/logger.rb:32:in `call_app'
  railties (3.2.12) lib/rails/rack/logger.rb:16:in `block in call'
  activesupport (3.2.12) lib/active_support/tagged_logging.rb:22:in `tagged'
  railties (3.2.12) lib/rails/rack/logger.rb:16:in `call'
  actionpack (3.2.12) lib/action_dispatch/middleware/request_id.rb:22:in `call'
  rack (1.4.5) lib/rack/methodoverride.rb:21:in `call'
  rack (1.4.5) lib/rack/runtime.rb:17:in `call'
  activesupport (3.2.12) lib/active_support/cache/strategy/local_cache.rb:72:in `call'
  rack (1.4.5) lib/rack/lock.rb:15:in `call'
  actionpack (3.2.12) lib/action_dispatch/middleware/static.rb:62:in `call'
  railties (3.2.12) lib/rails/engine.rb:479:in `call'
  railties (3.2.12) lib/rails/application.rb:223:in `call'
  rack (1.4.5) lib/rack/content_length.rb:14:in `call'
  railties (3.2.12) lib/rails/rack/log_tailer.rb:17:in `call'
  rack (1.4.5) lib/rack/handler/webrick.rb:59:in `service'
  /Users/apprentice/.rvm/rubies/ruby-1.9.3-p448/lib/ruby/1.9.1/webrick/httpserver.rb:138:in `service'
  /Users/apprentice/.rvm/rubies/ruby-1.9.3-p448/lib/ruby/1.9.1/webrick/httpserver.rb:94:in `run'
  /Users/apprentice/.rvm/rubies/ruby-1.9.3-p448/lib/ruby/1.9.1/webrick/server.rb:191:in `block in start_thread'


  Rendered /Users/apprentice/.rvm/gems/ruby-1.9.3-p448/gems/actionpack-3.2.12/lib/action_dispatch/middleware/templates/rescues/routing_error.erb within rescues/layout (0.9ms)


Started GET "/admin/posts" for 127.0.0.1 at 2014-02-19 23:26:13 -0800
Processing by Admin::PostsController#index as HTML
  [1m[36mPost Load (0.4ms)[0m  [1mSELECT "posts".* FROM "posts" [0m
  Rendered admin/posts/index.html.erb within layouts/application (2.4ms)
Completed 200 OK in 7ms (Views: 5.3ms | ActiveRecord: 0.4ms)


Started GET "/assets/application.css?body=1" for 127.0.0.1 at 2014-02-19 23:26:13 -0800
Served asset /application.css - 304 Not Modified (0ms)


Started GET "/admin/posts/2/edit" for 127.0.0.1 at 2014-02-19 23:26:16 -0800
Processing by Admin::PostsController#edit as HTML
  Parameters: {"id"=>"2"}
  [1m[35mPost Load (0.4ms)[0m  SELECT "posts".* FROM "posts" WHERE "posts"."id" = $1 LIMIT 1  [["id", "2"]]
  Rendered admin/posts/_form.html.erb (1.4ms)
  Rendered admin/posts/edit.html.erb within layouts/application (2.1ms)
Completed 200 OK in 6ms (Views: 4.3ms | ActiveRecord: 0.4ms)


Started GET "/assets/application.css?body=1" for 127.0.0.1 at 2014-02-19 23:26:16 -0800
Served asset /application.css - 304 Not Modified (0ms)


Started GET "/admin/posts" for 127.0.0.1 at 2014-02-19 23:26:51 -0800
Processing by Admin::PostsController#index as HTML
  [1m[36mPost Load (0.4ms)[0m  [1mSELECT "posts".* FROM "posts" [0m
  Rendered admin/posts/index.html.erb within layouts/application (28.5ms)
Completed 500 Internal Server Error in 31ms

ActionView::Template::Error (undefined method `admin_post' for #<#<Class:0x007fe6bcc3af00>:0x007fe6bca1e640>):
    7:   <table>
    8:     <% @posts.each do |post| %>
    9:       <tr>
    10:         <td><%= link_to post.title admin_post(post) %></td>
    11:         <td>
    12:           <%= link_to "Edit", edit_admin_post_url(post) %>
    13:           <%= link_to "Delete", admin_post_url(post), :method => :delete, :confirm => "Are you sure you want to delete this post?" %>
  app/views/admin/posts/index.html.erb:10:in `block in _app_views_admin_posts_index_html_erb__3994712665898405197_70314491957900'
  app/views/admin/posts/index.html.erb:8:in `each'
  app/views/admin/posts/index.html.erb:8:in `_app_views_admin_posts_index_html_erb__3994712665898405197_70314491957900'


  Rendered /Users/apprentice/.rvm/gems/ruby-1.9.3-p448/gems/actionpack-3.2.12/lib/action_dispatch/middleware/templates/rescues/_trace.erb (1.0ms)
  Rendered /Users/apprentice/.rvm/gems/ruby-1.9.3-p448/gems/actionpack-3.2.12/lib/action_dispatch/middleware/templates/rescues/_request_and_response.erb (0.7ms)
  Rendered /Users/apprentice/.rvm/gems/ruby-1.9.3-p448/gems/actionpack-3.2.12/lib/action_dispatch/middleware/templates/rescues/template_error.erb within rescues/layout (6.9ms)


Started GET "/admin/" for 127.0.0.1 at 2014-02-19 23:27:02 -0800

ActionController::RoutingError (No route matches [GET] "/admin"):
  actionpack (3.2.12) lib/action_dispatch/middleware/debug_exceptions.rb:21:in `call'
  actionpack (3.2.12) lib/action_dispatch/middleware/show_exceptions.rb:56:in `call'
  railties (3.2.12) lib/rails/rack/logger.rb:32:in `call_app'
  railties (3.2.12) lib/rails/rack/logger.rb:16:in `block in call'
  activesupport (3.2.12) lib/active_support/tagged_logging.rb:22:in `tagged'
  railties (3.2.12) lib/rails/rack/logger.rb:16:in `call'
  actionpack (3.2.12) lib/action_dispatch/middleware/request_id.rb:22:in `call'
  rack (1.4.5) lib/rack/methodoverride.rb:21:in `call'
  rack (1.4.5) lib/rack/runtime.rb:17:in `call'
  activesupport (3.2.12) lib/active_support/cache/strategy/local_cache.rb:72:in `call'
  rack (1.4.5) lib/rack/lock.rb:15:in `call'
  actionpack (3.2.12) lib/action_dispatch/middleware/static.rb:62:in `call'
  railties (3.2.12) lib/rails/engine.rb:479:in `call'
  railties (3.2.12) lib/rails/application.rb:223:in `call'
  rack (1.4.5) lib/rack/content_length.rb:14:in `call'
  railties (3.2.12) lib/rails/rack/log_tailer.rb:17:in `call'
  rack (1.4.5) lib/rack/handler/webrick.rb:59:in `service'
  /Users/apprentice/.rvm/rubies/ruby-1.9.3-p448/lib/ruby/1.9.1/webrick/httpserver.rb:138:in `service'
  /Users/apprentice/.rvm/rubies/ruby-1.9.3-p448/lib/ruby/1.9.1/webrick/httpserver.rb:94:in `run'
  /Users/apprentice/.rvm/rubies/ruby-1.9.3-p448/lib/ruby/1.9.1/webrick/server.rb:191:in `block in start_thread'


  Rendered /Users/apprentice/.rvm/gems/ruby-1.9.3-p448/gems/actionpack-3.2.12/lib/action_dispatch/middleware/templates/rescues/routing_error.erb within rescues/layout (0.5ms)


Started GET "/admin/posts" for 127.0.0.1 at 2014-02-19 23:27:05 -0800
Processing by Admin::PostsController#index as HTML
  [1m[35mPost Load (0.4ms)[0m  SELECT "posts".* FROM "posts" 
  Rendered admin/posts/index.html.erb within layouts/application (8.4ms)
Completed 500 Internal Server Error in 11ms

ActionView::Template::Error (undefined method `admin_post' for #<#<Class:0x007fe6bcc3af00>:0x007fe6bbfea2a0>):
    7:   <table>
    8:     <% @posts.each do |post| %>
    9:       <tr>
    10:         <td><%= link_to post.title, admin_post(post) %></td>
    11:         <td>
    12:           <%= link_to "Edit", edit_admin_post_url(post) %>
    13:           <%= link_to "Delete", admin_post_url(post), :method => :delete, :confirm => "Are you sure you want to delete this post?" %>
  app/views/admin/posts/index.html.erb:10:in `block in _app_views_admin_posts_index_html_erb__3994712665898405197_70314493347600'
  app/views/admin/posts/index.html.erb:8:in `each'
  app/views/admin/posts/index.html.erb:8:in `_app_views_admin_posts_index_html_erb__3994712665898405197_70314493347600'


  Rendered /Users/apprentice/.rvm/gems/ruby-1.9.3-p448/gems/actionpack-3.2.12/lib/action_dispatch/middleware/templates/rescues/_trace.erb (1.3ms)
  Rendered /Users/apprentice/.rvm/gems/ruby-1.9.3-p448/gems/actionpack-3.2.12/lib/action_dispatch/middleware/templates/rescues/_request_and_response.erb (0.7ms)
  Rendered /Users/apprentice/.rvm/gems/ruby-1.9.3-p448/gems/actionpack-3.2.12/lib/action_dispatch/middleware/templates/rescues/template_error.erb within rescues/layout (6.5ms)


Started GET "/admin/posts" for 127.0.0.1 at 2014-02-19 23:27:20 -0800
Processing by Admin::PostsController#index as HTML
  [1m[36mPost Load (0.4ms)[0m  [1mSELECT "posts".* FROM "posts" [0m
  Rendered admin/posts/index.html.erb within layouts/application (2.6ms)
Completed 200 OK in 6ms (Views: 4.6ms | ActiveRecord: 0.4ms)


Started GET "/assets/application.css?body=1" for 127.0.0.1 at 2014-02-19 23:27:20 -0800
Served asset /application.css - 304 Not Modified (0ms)


Started GET "/admin/posts/2" for 127.0.0.1 at 2014-02-19 23:27:21 -0800
Processing by Admin::PostsController#show as HTML
  Parameters: {"id"=>"2"}
  [1m[35mPost Load (0.3ms)[0m  SELECT "posts".* FROM "posts" WHERE "posts"."id" = $1 LIMIT 1  [["id", "2"]]
  Rendered admin/posts/show.html.erb within layouts/application (0.6ms)
Completed 200 OK in 4ms (Views: 2.5ms | ActiveRecord: 0.3ms)


Started GET "/assets/application.css?body=1" for 127.0.0.1 at 2014-02-19 23:27:21 -0800
Served asset /application.css - 304 Not Modified (0ms)


Started GET "/admin/posts/2" for 127.0.0.1 at 2014-02-19 23:27:42 -0800
Processing by Admin::PostsController#show as HTML
  Parameters: {"id"=>"2"}
  [1m[36mPost Load (0.3ms)[0m  [1mSELECT "posts".* FROM "posts" WHERE "posts"."id" = $1 LIMIT 1[0m  [["id", "2"]]
  Rendered admin/posts/show.html.erb within layouts/application (0.7ms)
Completed 200 OK in 4ms (Views: 2.6ms | ActiveRecord: 0.3ms)


Started GET "/assets/application.css?body=1" for 127.0.0.1 at 2014-02-19 23:27:42 -0800
Served asset /application.css - 304 Not Modified (0ms)


Started GET "/admin/posts/2" for 127.0.0.1 at 2014-02-19 23:29:47 -0800
Processing by Admin::PostsController#show as HTML
  Parameters: {"id"=>"2"}
  [1m[35mPost Load (0.5ms)[0m  SELECT "posts".* FROM "posts" WHERE "posts"."id" = $1 LIMIT 1  [["id", "2"]]
  Rendered admin/posts/show.html.erb within layouts/application (0.6ms)
Completed 200 OK in 16ms (Views: 14.9ms | ActiveRecord: 0.5ms)


Started GET "/assets/application.css?body=1" for 127.0.0.1 at 2014-02-19 23:29:47 -0800
Served asset /application.css - 304 Not Modified (0ms)


Started GET "/admin/posts/2/edit" for 127.0.0.1 at 2014-02-19 23:30:03 -0800
Processing by Admin::PostsController#edit as HTML
  Parameters: {"id"=>"2"}
  [1m[36mPost Load (0.4ms)[0m  [1mSELECT "posts".* FROM "posts" WHERE "posts"."id" = $1 LIMIT 1[0m  [["id", "2"]]
  Rendered admin/posts/_form.html.erb (1.3ms)
  Rendered admin/posts/edit.html.erb within layouts/application (1.9ms)
Completed 200 OK in 5ms (Views: 4.2ms | ActiveRecord: 0.4ms)


Started GET "/assets/application.css?body=1" for 127.0.0.1 at 2014-02-19 23:30:03 -0800
Served asset /application.css - 304 Not Modified (0ms)


Started GET "/admin/posts" for 127.0.0.1 at 2014-02-19 23:30:59 -0800
Processing by Admin::PostsController#index as HTML
  [1m[35mPost Load (0.4ms)[0m  SELECT "posts".* FROM "posts" 
  Rendered admin/posts/index.html.erb within layouts/application (2.1ms)
Completed 200 OK in 6ms (Views: 4.4ms | ActiveRecord: 0.4ms)


Started GET "/assets/application.css?body=1" for 127.0.0.1 at 2014-02-19 23:30:59 -0800
Served asset /application.css - 304 Not Modified (0ms)
